<?xml version="1.0" encoding="UTF-8"?>
<!-- Generated by org.testng.reporters.JUnitReportReporter -->
<testsuite hostname="DESKTOP-G7A9KI4" failures="0" tests="1" name="testCases.TC002_LOGIN" time="1.176" errors="0" timestamp="2025-01-22T11:41:38 IST" skipped="0">
  <testcase classname="testCases.TC002_LOGIN" name="verify_login" time="1.176"/>
</testsuite> <!-- testCases.TC002_LOGIN -->
