<?xml version="1.0" encoding="UTF-8"?>
<!-- Generated by org.testng.reporters.JUnitReportReporter -->
<testsuite hostname="DESKTOP-G7A9KI4" failures="0" tests="1" name="testCases.TC001_AccountRegistrationTest" time="3.558" errors="0" timestamp="2024-12-22T11:07:35 IST" skipped="0">
  <testcase classname="testCases.TC001_AccountRegistrationTest" name="verify_account_Registration" time="3.558"/>
</testsuite> <!-- testCases.TC001_AccountRegistrationTest -->
