<?xml version="1.0" encoding="UTF-8"?>
<!-- Generated by org.testng.reporters.JUnitReportReporter -->
<testsuite hostname="DESKTOP-G7A9KI4" failures="0" tests="1" name="testCases.TC002_LOGIN" time="1.160" errors="0" timestamp="2024-11-10T17:09:33 IST" skipped="0">
  <testcase classname="testCases.TC002_LOGIN" name="verify_login" time="1.160"/>
</testsuite> <!-- testCases.TC002_LOGIN -->
