<?xml version="1.0" encoding="UTF-8"?>
<!-- Generated by org.testng.reporters.JUnitReportReporter -->
<testsuite hostname="DESKTOP-G7A9KI4" failures="0" tests="1" name="testCases.TC002_LOGIN" time="1.230" errors="0" timestamp="2024-12-22T11:07:35 IST" skipped="0">
  <testcase classname="testCases.TC002_LOGIN" name="verify_login" time="1.230"/>
</testsuite> <!-- testCases.TC002_LOGIN -->
